<?xml version="1.0" encoding="UTF-8"?>
<!-- Generated by org.testng.reporters.JUnitXMLReporter -->
<testsuite hostname="LAPTOP-9NSMJCFA" ignored="1" name="Uninstall AMD Link Test" tests="1" failures="0" timestamp="2020-09-08T11:27:35 IST" time="1.611" errors="0">
  <testcase name="@BeforeTest PixelHomeCapabilities" time="1.504" classname="playingVideo.PixelHomeCapabilities">
    <failure type="org.openqa.selenium.SessionNotCreatedException" message="Unable to create a new remote session. Please check the server log for more details. Original error: Unable to parse remote response: &amp;lt;!DOCTYPE html&amp;gt;
&amp;lt;html lang=&amp;quot;en&amp;quot;&amp;gt;
&amp;lt;head&amp;gt;
&amp;lt;meta charset=&amp;quot;utf-8&amp;quot;&amp;gt;
&amp;lt;title&amp;gt;Error&amp;lt;/title&amp;gt;
&amp;lt;/head&amp;gt;
&amp;lt;body&amp;gt;
&amp;lt;pre&amp;gt;Error: EPIPE: broken pipe, write&amp;lt;br&amp;gt; &amp;amp;nbsp; &amp;amp;nbsp;at Socket._write (internal/net.js:54:25)&amp;lt;br&amp;gt; &amp;amp;nbsp; &amp;amp;nbsp;at doWrite (_stream_writable.js:403:12)&amp;lt;br&amp;gt; &amp;amp;nbsp; &amp;amp;nbsp;at writeOrBuffer (_stream_writable.js:387:5)&amp;lt;br&amp;gt; &amp;amp;nbsp; &amp;amp;nbsp;at Socket.Writable.write (_stream_writable.js:318:11)&amp;lt;br&amp;gt; &amp;amp;nbsp; &amp;amp;nbsp;at Console.log (C:\Program Files\Appium\resources\app\node_modules\appium\node_modules\winston\lib\winston\transports\console.js:79:23)&amp;lt;br&amp;gt; &amp;amp;nbsp; &amp;amp;nbsp;at Console._write (C:\Program Files\Appium\resources\app\node_modules\appium\node_modules\winston-transport\index.js:103:17)&amp;lt;br&amp;gt; &amp;amp;nbsp; &amp;amp;nbsp;at doWrite (C:\Program Files\Appium\resources\app\node_modules\appium\node_modules\winston-transport\node_modules\readable-stream\lib\_stream_writable.js:428:64)&amp;lt;br&amp;gt; &amp;amp;nbsp; &amp;amp;nbsp;at writeOrBuffer (C:\Program Files\Appium\resources\app\node_modules\appium\node_modules\winston-transport\node_modules\readable-stream\lib\_stream_writable.js:417:5)&amp;lt;br&amp;gt; &amp;amp;nbsp; &amp;amp;nbsp;at Console.Writable.write (C:\Program Files\Appium\resources\app\node_modules\appium\node_modules\winston-transport\node_modules\readable-stream\lib\_stream_writable.js:334:11)&amp;lt;br&amp;gt; &amp;amp;nbsp; &amp;amp;nbsp;at DerivedLogger.ondata (C:\Program Files\Appium\resources\app\node_modules\appium\node_modules\readable-stream\lib\_stream_readable.js:681:20)&amp;lt;br&amp;gt; &amp;amp;nbsp; &amp;amp;nbsp;at DerivedLogger.emit (events.js:315:20)&amp;lt;br&amp;gt; &amp;amp;nbsp; &amp;amp;nbsp;at addChunk (C:\Program Files\Appium\resources\app\node_modules\appium\node_modules\readable-stream\lib\_stream_readable.js:298:12)&amp;lt;br&amp;gt; &amp;amp;nbsp; &amp;amp;nbsp;at readableAddChunk (C:\Program Files\Appium\resources\app\node_modules\appium\node_modules\readable-stream\lib\_stream_readable.js:280:11)&amp;lt;br&amp;gt; &amp;amp;nbsp; &amp;amp;nbsp;at DerivedLogger.Readable.push (C:\Program Files\Appium\resources\app\node_modules\appium\node_modules\readable-stream\lib\_stream_readable.js:241:10)&amp;lt;br&amp;gt; &amp;amp;nbsp; &amp;amp;nbsp;at DerivedLogger.Transform.push (C:\Program Files\Appium\resources\app\node_modules\appium\node_modules\readable-stream\lib\_stream_transform.js:139:32)&amp;lt;br&amp;gt; &amp;amp;nbsp; &amp;amp;nbsp;at DerivedLogger._transform (C:\Program Files\Appium\resources\app\node_modules\appium\node_modules\winston\lib\winston\logger.js:305:12)&amp;lt;/pre&amp;gt;
&amp;lt;/body&amp;gt;
&amp;lt;/html&amp;gt;

Build info: version: &amp;apos;3.141.59&amp;apos;, revision: &amp;apos;e82be7d358&amp;apos;, time: &amp;apos;2018-11-14T08:17:03&amp;apos;
System info: host: &amp;apos;LAPTOP-9NSMJCFA&amp;apos;, ip: &amp;apos;192.168.55.103&amp;apos;, os.name: &amp;apos;Windows 10&amp;apos;, os.arch: &amp;apos;amd64&amp;apos;, os.version: &amp;apos;10.0&amp;apos;, java.version: &amp;apos;1.8.0_261&amp;apos;
Driver info: driver.version: AndroidDriver">
      <![CDATA[org.openqa.selenium.SessionNotCreatedException: Unable to create a new remote session. Please check the server log for more details. Original error: Unable to parse remote response: <!DOCTYPE html>
<html lang="en">
<head>
<meta charset="utf-8">
<title>Error</title>
</head>
<body>
<pre>Error: EPIPE: broken pipe, write<br> &nbsp; &nbsp;at Socket._write (internal/net.js:54:25)<br> &nbsp; &nbsp;at doWrite (_stream_writable.js:403:12)<br> &nbsp; &nbsp;at writeOrBuffer (_stream_writable.js:387:5)<br> &nbsp; &nbsp;at Socket.Writable.write (_stream_writable.js:318:11)<br> &nbsp; &nbsp;at Console.log (C:\Program Files\Appium\resources\app\node_modules\appium\node_modules\winston\lib\winston\transports\console.js:79:23)<br> &nbsp; &nbsp;at Console._write (C:\Program Files\Appium\resources\app\node_modules\appium\node_modules\winston-transport\index.js:103:17)<br> &nbsp; &nbsp;at doWrite (C:\Program Files\Appium\resources\app\node_modules\appium\node_modules\winston-transport\node_modules\readable-stream\lib\_stream_writable.js:428:64)<br> &nbsp; &nbsp;at writeOrBuffer (C:\Program Files\Appium\resources\app\node_modules\appium\node_modules\winston-transport\node_modules\readable-stream\lib\_stream_writable.js:417:5)<br> &nbsp; &nbsp;at Console.Writable.write (C:\Program Files\Appium\resources\app\node_modules\appium\node_modules\winston-transport\node_modules\readable-stream\lib\_stream_writable.js:334:11)<br> &nbsp; &nbsp;at DerivedLogger.ondata (C:\Program Files\Appium\resources\app\node_modules\appium\node_modules\readable-stream\lib\_stream_readable.js:681:20)<br> &nbsp; &nbsp;at DerivedLogger.emit (events.js:315:20)<br> &nbsp; &nbsp;at addChunk (C:\Program Files\Appium\resources\app\node_modules\appium\node_modules\readable-stream\lib\_stream_readable.js:298:12)<br> &nbsp; &nbsp;at readableAddChunk (C:\Program Files\Appium\resources\app\node_modules\appium\node_modules\readable-stream\lib\_stream_readable.js:280:11)<br> &nbsp; &nbsp;at DerivedLogger.Readable.push (C:\Program Files\Appium\resources\app\node_modules\appium\node_modules\readable-stream\lib\_stream_readable.js:241:10)<br> &nbsp; &nbsp;at DerivedLogger.Transform.push (C:\Program Files\Appium\resources\app\node_modules\appium\node_modules\readable-stream\lib\_stream_transform.js:139:32)<br> &nbsp; &nbsp;at DerivedLogger._transform (C:\Program Files\Appium\resources\app\node_modules\appium\node_modules\winston\lib\winston\logger.js:305:12)</pre>
</body>
</html>

Build info: version: '3.141.59', revision: 'e82be7d358', time: '2018-11-14T08:17:03'
System info: host: 'LAPTOP-9NSMJCFA', ip: '192.168.55.103', os.name: 'Windows 10', os.arch: 'amd64', os.version: '10.0', java.version: '1.8.0_261'
Driver info: driver.version: AndroidDriver
at io.appium.java_client.remote.AppiumCommandExecutor$1.createSession(AppiumCommandExecutor.java:208)
at io.appium.java_client.remote.AppiumCommandExecutor.createSession(AppiumCommandExecutor.java:217)
at io.appium.java_client.remote.AppiumCommandExecutor.execute(AppiumCommandExecutor.java:239)
at org.openqa.selenium.remote.RemoteWebDriver.execute(RemoteWebDriver.java:552)
at io.appium.java_client.DefaultGenericMobileDriver.execute(DefaultGenericMobileDriver.java:41)
at io.appium.java_client.AppiumDriver.execute(AppiumDriver.java:1)
at io.appium.java_client.android.AndroidDriver.execute(AndroidDriver.java:1)
at org.openqa.selenium.remote.RemoteWebDriver.startSession(RemoteWebDriver.java:213)
at io.appium.java_client.AppiumDriver.startSession(AppiumDriver.java:336)
at org.openqa.selenium.remote.RemoteWebDriver.<init>(RemoteWebDriver.java:131)
at io.appium.java_client.DefaultGenericMobileDriver.<init>(DefaultGenericMobileDriver.java:37)
at io.appium.java_client.AppiumDriver.<init>(AppiumDriver.java:88)
at io.appium.java_client.AppiumDriver.<init>(AppiumDriver.java:98)
at io.appium.java_client.android.AndroidDriver.<init>(AndroidDriver.java:94)
at playingVideo.PixelHomeCapabilities.PixelHomeCapabilities(PixelHomeCapabilities.java:32)
at io.appium.java_client.remote.AppiumCommandExecutor$1.createSession(AppiumCommandExecutor.java:186)
... 38 more
Caused by: org.openqa.selenium.WebDriverException: Unable to parse remote response: <!DOCTYPE html>
<html lang="en">
<head>
<meta charset="utf-8">
<title>Error</title>
</head>
<body>
<pre>Error: EPIPE: broken pipe, write<br> &nbsp; &nbsp;at Socket._write (internal/net.js:54:25)<br> &nbsp; &nbsp;at doWrite (_stream_writable.js:403:12)<br> &nbsp; &nbsp;at writeOrBuffer (_stream_writable.js:387:5)<br> &nbsp; &nbsp;at Socket.Writable.write (_stream_writable.js:318:11)<br> &nbsp; &nbsp;at Console.log (C:\Program Files\Appium\resources\app\node_modules\appium\node_modules\winston\lib\winston\transports\console.js:79:23)<br> &nbsp; &nbsp;at Console._write (C:\Program Files\Appium\resources\app\node_modules\appium\node_modules\winston-transport\index.js:103:17)<br> &nbsp; &nbsp;at doWrite (C:\Program Files\Appium\resources\app\node_modules\appium\node_modules\winston-transport\node_modules\readable-stream\lib\_stream_writable.js:428:64)<br> &nbsp; &nbsp;at writeOrBuffer (C:\Program Files\Appium\resources\app\node_modules\appium\node_modules\winston-transport\node_modules\readable-stream\lib\_stream_writable.js:417:5)<br> &nbsp; &nbsp;at Console.Writable.write (C:\Program Files\Appium\resources\app\node_modules\appium\node_modules\winston-transport\node_modules\readable-stream\lib\_stream_writable.js:334:11)<br> &nbsp; &nbsp;at DerivedLogger.ondata (C:\Program Files\Appium\resources\app\node_modules\appium\node_modules\readable-stream\lib\_stream_readable.js:681:20)<br> &nbsp; &nbsp;at DerivedLogger.emit (events.js:315:20)<br> &nbsp; &nbsp;at addChunk (C:\Program Files\Appium\resources\app\node_modules\appium\node_modules\readable-stream\lib\_stream_readable.js:298:12)<br> &nbsp; &nbsp;at readableAddChunk (C:\Program Files\Appium\resources\app\node_modules\appium\node_modules\readable-stream\lib\_stream_readable.js:280:11)<br> &nbsp; &nbsp;at DerivedLogger.Readable.push (C:\Program Files\Appium\resources\app\node_modules\appium\node_modules\readable-stream\lib\_stream_readable.js:241:10)<br> &nbsp; &nbsp;at DerivedLogger.Transform.push (C:\Program Files\Appium\resources\app\node_modules\appium\node_modules\readable-stream\lib\_stream_transform.js:139:32)<br> &nbsp; &nbsp;at DerivedLogger._transform (C:\Program Files\Appium\resources\app\node_modules\appium\node_modules\winston\lib\winston\logger.js:305:12)</pre>
</body>
</html>

at org.openqa.selenium.remote.ProtocolHandshake.createSession(ProtocolHandshake.java:115)
... 43 more
Caused by: org.openqa.selenium.json.JsonException: Unable to determine type from: <. Last 1 characters read: <
Build info: version: '3.141.59', revision: 'e82be7d358', time: '2018-11-14T08:17:03'
System info: host: 'LAPTOP-9NSMJCFA', ip: '192.168.55.103', os.name: 'Windows 10', os.arch: 'amd64', os.version: '10.0', java.version: '1.8.0_261'
Driver info: driver.version: AndroidDriver
at org.openqa.selenium.json.JsonInput.peek(JsonInput.java:122)
at org.openqa.selenium.json.JsonTypeCoercer.lambda$null$6(JsonTypeCoercer.java:140)
at org.openqa.selenium.json.JsonTypeCoercer.coerce(JsonTypeCoercer.java:126)
at org.openqa.selenium.json.Json.toType(Json.java:69)
at org.openqa.selenium.json.Json.toType(Json.java:55)
at org.openqa.selenium.json.Json.toType(Json.java:50)
at org.openqa.selenium.remote.ProtocolHandshake.createSession(ProtocolHandshake.java:112)
... 43 more
... Removed 29 stack frames]]>
    </failure>
  </testcase> <!-- @BeforeTest PixelHomeCapabilities -->
  <testcase name="Uninstall" time="0.0" classname="playingVideo.UninstallAMDLink">
    <skipped/>
  </testcase> <!-- Uninstall -->
  <testcase name="@BeforeTest PixelHomeCapabilities" time="0.0" classname="playingVideo.PixelHomeCapabilities">
    <ignored/>
  </testcase> <!-- @BeforeTest PixelHomeCapabilities -->
</testsuite> <!-- Uninstall AMD Link Test -->
