<?xml version="1.0" encoding="UTF-8"?>
<!-- Generated by org.testng.reporters.JUnitXMLReporter -->
<testsuite hostname="LAPTOP-9NSMJCFA" ignored="1" name="Uninstall AMD Link Test" tests="1" failures="1" timestamp="2020-09-06T18:38:00 IST" time="39.796" errors="0">
  <testcase name="Uninstall" time="22.935" classname="playingVideo.UninstallAMDLink">
    <failure type="org.openqa.selenium.InvalidArgumentException" message="com.google.gson.JsonSyntaxException: java.lang.NumberFormatException: Expected an int but was 181.5 at line 1 column 36 path $.params.x
Build info: version: &amp;apos;3.141.59&amp;apos;, revision: &amp;apos;e82be7d358&amp;apos;, time: &amp;apos;2018-11-14T08:17:03&amp;apos;
System info: host: &amp;apos;LAPTOP-9NSMJCFA&amp;apos;, ip: &amp;apos;169.254.128.47&amp;apos;, os.name: &amp;apos;Windows 10&amp;apos;, os.arch: &amp;apos;amd64&amp;apos;, os.version: &amp;apos;10.0&amp;apos;, java.version: &amp;apos;1.8.0_261&amp;apos;
Driver info: io.appium.java_client.android.AndroidDriver
Capabilities {appActivity: com.google.android.apps.nex..., appPackage: com.google.android.apps.nex..., databaseEnabled: false, desired: {appActivity: com.google.android.apps.nex..., appPackage: com.google.android.apps.nex..., deviceName: PIXELXL29, platformName: android}, deviceApiLevel: 29, deviceManufacturer: Google, deviceModel: Android SDK built for x86, deviceName: emulator-5554, deviceScreenDensity: 560, deviceScreenSize: 1440x2560, deviceUDID: emulator-5554, javascriptEnabled: true, locationContextEnabled: false, networkConnectionEnabled: true, pixelRatio: 3.5, platform: LINUX, platformName: Android, platformVersion: 10, statBarHeight: 84, takesScreenshot: true, viewportRect: {height: 2308, left: 0, top: 84, width: 1440}, warnings: {}, webStorageEnabled: false}
Session ID: 6ec36692-e505-476b-b3a5-4d84859dd484">
      <![CDATA[org.openqa.selenium.InvalidArgumentException: com.google.gson.JsonSyntaxException: java.lang.NumberFormatException: Expected an int but was 181.5 at line 1 column 36 path $.params.x
Build info: version: '3.141.59', revision: 'e82be7d358', time: '2018-11-14T08:17:03'
System info: host: 'LAPTOP-9NSMJCFA', ip: '169.254.128.47', os.name: 'Windows 10', os.arch: 'amd64', os.version: '10.0', java.version: '1.8.0_261'
Driver info: io.appium.java_client.android.AndroidDriver
Capabilities {appActivity: com.google.android.apps.nex..., appPackage: com.google.android.apps.nex..., databaseEnabled: false, desired: {appActivity: com.google.android.apps.nex..., appPackage: com.google.android.apps.nex..., deviceName: PIXELXL29, platformName: android}, deviceApiLevel: 29, deviceManufacturer: Google, deviceModel: Android SDK built for x86, deviceName: emulator-5554, deviceScreenDensity: 560, deviceScreenSize: 1440x2560, deviceUDID: emulator-5554, javascriptEnabled: true, locationContextEnabled: false, networkConnectionEnabled: true, pixelRatio: 3.5, platform: LINUX, platformName: Android, platformVersion: 10, statBarHeight: 84, takesScreenshot: true, viewportRect: {height: 2308, left: 0, top: 84, width: 1440}, warnings: {}, webStorageEnabled: false}
Session ID: 6ec36692-e505-476b-b3a5-4d84859dd484
at org.openqa.selenium.remote.http.W3CHttpResponseCodec.createException(W3CHttpResponseCodec.java:187)
at org.openqa.selenium.remote.http.W3CHttpResponseCodec.decode(W3CHttpResponseCodec.java:122)
at org.openqa.selenium.remote.http.W3CHttpResponseCodec.decode(W3CHttpResponseCodec.java:49)
at org.openqa.selenium.remote.HttpCommandExecutor.execute(HttpCommandExecutor.java:158)
at io.appium.java_client.remote.AppiumCommandExecutor.execute(AppiumCommandExecutor.java:239)
at org.openqa.selenium.remote.RemoteWebDriver.execute(RemoteWebDriver.java:552)
at io.appium.java_client.DefaultGenericMobileDriver.execute(DefaultGenericMobileDriver.java:41)
at io.appium.java_client.AppiumDriver.execute(AppiumDriver.java:1)
at io.appium.java_client.android.AndroidDriver.execute(AndroidDriver.java:1)
at io.appium.java_client.PerformsTouchActions.performTouchAction(PerformsTouchActions.java:41)
at io.appium.java_client.TouchAction.perform(TouchAction.java:187)
at playingVideo.UninstallAMDLink.Uninstall(UninstallAMDLink.java:53)
at java.util.ArrayList.forEach(ArrayList.java:1259)
... Removed 31 stack frames]]>
    </failure>
  </testcase> <!-- Uninstall -->
  <testcase name="@BeforeTest PixelHomeCapabilities" time="0.0" classname="playingVideo.PixelHomeCapabilities">
    <ignored/>
  </testcase> <!-- @BeforeTest PixelHomeCapabilities -->
</testsuite> <!-- Uninstall AMD Link Test -->
