<?xml version="1.0" encoding="UTF-8"?>
<!-- Generated by org.testng.reporters.JUnitXMLReporter -->
<testsuite hostname="LAPTOP-9NSMJCFA" name="smoke Test cases" tests="1" failures="1" timestamp="7 Sep 2020 13:57:16 GMT" time="43.728" errors="0">
  <testcase name="letsee" time="43.714" classname="playingVideo.YoutubeWatchAndCloseVideo">
    <failure type="org.openqa.selenium.NoSuchElementException" message="An element could not be located on the page using the given search parameters.
For documentation on this error, please visit: https://www.seleniumhq.org/exceptions/no_such_element.html
Build info: version: &amp;apos;3.141.59&amp;apos;, revision: &amp;apos;e82be7d358&amp;apos;, time: &amp;apos;2018-11-14T08:17:03&amp;apos;
System info: host: &amp;apos;LAPTOP-9NSMJCFA&amp;apos;, ip: &amp;apos;192.168.55.103&amp;apos;, os.name: &amp;apos;Windows 10&amp;apos;, os.arch: &amp;apos;amd64&amp;apos;, os.version: &amp;apos;10.0&amp;apos;, java.version: &amp;apos;1.8.0_261&amp;apos;
Driver info: io.appium.java_client.android.AndroidDriver
Capabilities {appActivity: com.google.android.youtube...., appPackage: com.google.android.youtube, databaseEnabled: false, desired: {appActivity: com.google.android.youtube...., appPackage: com.google.android.youtube, deviceName: PIXELXL29, platformName: android}, deviceApiLevel: 29, deviceManufacturer: Google, deviceModel: Android SDK built for x86, deviceName: emulator-5554, deviceScreenDensity: 560, deviceScreenSize: 1440x2560, deviceUDID: emulator-5554, javascriptEnabled: true, locationContextEnabled: false, networkConnectionEnabled: true, pixelRatio: 3.5, platform: LINUX, platformName: Android, platformVersion: 10, statBarHeight: 84, takesScreenshot: true, viewportRect: {height: 2308, left: 0, top: 84, width: 1440}, warnings: {}, webStorageEnabled: false}
Session ID: ac97bd54-c470-4dad-a457-b8787a86f551
*** Element info: {Using=accessibility id, value=Oka Praanam | Acapella Version | Baahubali 2 | No Instruments Used - 2 minutes, 47 seconds - Go to channel - Yashraj Mukhate - 1.1M views - 5 months ago - play video}">
      <![CDATA[org.openqa.selenium.NoSuchElementException: An element could not be located on the page using the given search parameters.
For documentation on this error, please visit: https://www.seleniumhq.org/exceptions/no_such_element.html
Build info: version: '3.141.59', revision: 'e82be7d358', time: '2018-11-14T08:17:03'
System info: host: 'LAPTOP-9NSMJCFA', ip: '192.168.55.103', os.name: 'Windows 10', os.arch: 'amd64', os.version: '10.0', java.version: '1.8.0_261'
Driver info: io.appium.java_client.android.AndroidDriver
Capabilities {appActivity: com.google.android.youtube...., appPackage: com.google.android.youtube, databaseEnabled: false, desired: {appActivity: com.google.android.youtube...., appPackage: com.google.android.youtube, deviceName: PIXELXL29, platformName: android}, deviceApiLevel: 29, deviceManufacturer: Google, deviceModel: Android SDK built for x86, deviceName: emulator-5554, deviceScreenDensity: 560, deviceScreenSize: 1440x2560, deviceUDID: emulator-5554, javascriptEnabled: true, locationContextEnabled: false, networkConnectionEnabled: true, pixelRatio: 3.5, platform: LINUX, platformName: Android, platformVersion: 10, statBarHeight: 84, takesScreenshot: true, viewportRect: {height: 2308, left: 0, top: 84, width: 1440}, warnings: {}, webStorageEnabled: false}
Session ID: ac97bd54-c470-4dad-a457-b8787a86f551
*** Element info: {Using=accessibility id, value=Oka Praanam | Acapella Version | Baahubali 2 | No Instruments Used - 2 minutes, 47 seconds - Go to channel - Yashraj Mukhate - 1.1M views - 5 months ago - play video}
	at org.openqa.selenium.remote.http.W3CHttpResponseCodec.createException(W3CHttpResponseCodec.java:187)
	at org.openqa.selenium.remote.http.W3CHttpResponseCodec.decode(W3CHttpResponseCodec.java:122)
	at org.openqa.selenium.remote.http.W3CHttpResponseCodec.decode(W3CHttpResponseCodec.java:49)
	at org.openqa.selenium.remote.HttpCommandExecutor.execute(HttpCommandExecutor.java:158)
	at io.appium.java_client.remote.AppiumCommandExecutor.execute(AppiumCommandExecutor.java:239)
	at org.openqa.selenium.remote.RemoteWebDriver.execute(RemoteWebDriver.java:552)
	at io.appium.java_client.DefaultGenericMobileDriver.execute(DefaultGenericMobileDriver.java:41)
	at io.appium.java_client.AppiumDriver.execute(AppiumDriver.java:1)
	at io.appium.java_client.android.AndroidDriver.execute(AndroidDriver.java:1)
	at org.openqa.selenium.remote.RemoteWebDriver.findElement(RemoteWebDriver.java:323)
	at io.appium.java_client.DefaultGenericMobileDriver.findElement(DefaultGenericMobileDriver.java:61)
	at io.appium.java_client.AppiumDriver.findElement(AppiumDriver.java:1)
	at io.appium.java_client.android.AndroidDriver.findElement(AndroidDriver.java:1)
	at io.appium.java_client.FindsByAccessibilityId.findElementByAccessibilityId(FindsByAccessibilityId.java:37)
	at playingVideo.YoutubeWatchAndCloseVideo.letsee(YoutubeWatchAndCloseVideo.java:72)
	at org.apache.maven.surefire.testng.TestNGExecutor.run(TestNGExecutor.java:295)
	at org.apache.maven.surefire.testng.TestNGXmlTestSuite.execute(TestNGXmlTestSuite.java:84)
	at org.apache.maven.surefire.testng.TestNGProvider.invoke(TestNGProvider.java:90)
	at org.apache.maven.surefire.booter.ForkedBooter.invokeProviderInSameClassLoader(ForkedBooter.java:203)
	at org.apache.maven.surefire.booter.ForkedBooter.runSuitesInProcess(ForkedBooter.java:155)
	at org.apache.maven.surefire.booter.ForkedBooter.main(ForkedBooter.java:103)
... Removed 25 stack frames]]>
    </failure>
  </testcase> <!-- letsee -->
</testsuite> <!-- smoke Test cases -->
