<?xml version="1.0" encoding="UTF-8"?>
<testng-results skipped="0" failed="1" total="1" passed="0">
  <reporter-output>
  </reporter-output>
  <suite name="Smoke Testing" duration-ms="43728" started-at="2020-09-07T13:56:32Z" finished-at="2020-09-07T13:57:16Z">
    <groups>
    </groups>
    <test name="smoke Test cases" duration-ms="43728" started-at="2020-09-07T13:56:32Z" finished-at="2020-09-07T13:57:16Z">
      <class name="playingVideo.YoutubeWatchAndCloseVideo">
        <test-method status="PASS" signature="beforeMethod()[pri:0, instance:playingVideo.YoutubeWatchAndCloseVideo@2c9f9fb0]" name="beforeMethod" is-config="true" duration-ms="1" started-at="2020-09-07T19:26:32Z" finished-at="2020-09-07T19:26:32Z">
          <reporter-output>
          </reporter-output>
        </test-method> <!-- beforeMethod -->
        <test-method status="FAIL" signature="letsee()[pri:0, instance:playingVideo.YoutubeWatchAndCloseVideo@2c9f9fb0]" name="letsee" duration-ms="43714" started-at="2020-09-07T19:26:32Z" finished-at="2020-09-07T19:27:16Z">
          <exception class="org.openqa.selenium.NoSuchElementException">
            <message>
              <![CDATA[An element could not be located on the page using the given search parameters.
For documentation on this error, please visit: https://www.seleniumhq.org/exceptions/no_such_element.html
Build info: version: '3.141.59', revision: 'e82be7d358', time: '2018-11-14T08:17:03'
System info: host: 'LAPTOP-9NSMJCFA', ip: '192.168.55.103', os.name: 'Windows 10', os.arch: 'amd64', os.version: '10.0', java.version: '1.8.0_261'
Driver info: io.appium.java_client.android.AndroidDriver
Capabilities {appActivity: com.google.android.youtube...., appPackage: com.google.android.youtube, databaseEnabled: false, desired: {appActivity: com.google.android.youtube...., appPackage: com.google.android.youtube, deviceName: PIXELXL29, platformName: android}, deviceApiLevel: 29, deviceManufacturer: Google, deviceModel: Android SDK built for x86, deviceName: emulator-5554, deviceScreenDensity: 560, deviceScreenSize: 1440x2560, deviceUDID: emulator-5554, javascriptEnabled: true, locationContextEnabled: false, networkConnectionEnabled: true, pixelRatio: 3.5, platform: LINUX, platformName: Android, platformVersion: 10, statBarHeight: 84, takesScreenshot: true, viewportRect: {height: 2308, left: 0, top: 84, width: 1440}, warnings: {}, webStorageEnabled: false}
Session ID: ac97bd54-c470-4dad-a457-b8787a86f551
*** Element info: {Using=accessibility id, value=Oka Praanam | Acapella Version | Baahubali 2 | No Instruments Used - 2 minutes, 47 seconds - Go to channel - Yashraj Mukhate - 1.1M views - 5 months ago - play video}]]>
            </message>
            <full-stacktrace>
              <![CDATA[org.openqa.selenium.NoSuchElementException: An element could not be located on the page using the given search parameters.
For documentation on this error, please visit: https://www.seleniumhq.org/exceptions/no_such_element.html
Build info: version: '3.141.59', revision: 'e82be7d358', time: '2018-11-14T08:17:03'
System info: host: 'LAPTOP-9NSMJCFA', ip: '192.168.55.103', os.name: 'Windows 10', os.arch: 'amd64', os.version: '10.0', java.version: '1.8.0_261'
Driver info: io.appium.java_client.android.AndroidDriver
Capabilities {appActivity: com.google.android.youtube...., appPackage: com.google.android.youtube, databaseEnabled: false, desired: {appActivity: com.google.android.youtube...., appPackage: com.google.android.youtube, deviceName: PIXELXL29, platformName: android}, deviceApiLevel: 29, deviceManufacturer: Google, deviceModel: Android SDK built for x86, deviceName: emulator-5554, deviceScreenDensity: 560, deviceScreenSize: 1440x2560, deviceUDID: emulator-5554, javascriptEnabled: true, locationContextEnabled: false, networkConnectionEnabled: true, pixelRatio: 3.5, platform: LINUX, platformName: Android, platformVersion: 10, statBarHeight: 84, takesScreenshot: true, viewportRect: {height: 2308, left: 0, top: 84, width: 1440}, warnings: {}, webStorageEnabled: false}
Session ID: ac97bd54-c470-4dad-a457-b8787a86f551
*** Element info: {Using=accessibility id, value=Oka Praanam | Acapella Version | Baahubali 2 | No Instruments Used - 2 minutes, 47 seconds - Go to channel - Yashraj Mukhate - 1.1M views - 5 months ago - play video}
	at sun.reflect.NativeConstructorAccessorImpl.newInstance0(Native Method)
	at sun.reflect.NativeConstructorAccessorImpl.newInstance(NativeConstructorAccessorImpl.java:62)
	at sun.reflect.DelegatingConstructorAccessorImpl.newInstance(DelegatingConstructorAccessorImpl.java:45)
	at java.lang.reflect.Constructor.newInstance(Constructor.java:423)
	at org.openqa.selenium.remote.http.W3CHttpResponseCodec.createException(W3CHttpResponseCodec.java:187)
	at org.openqa.selenium.remote.http.W3CHttpResponseCodec.decode(W3CHttpResponseCodec.java:122)
	at org.openqa.selenium.remote.http.W3CHttpResponseCodec.decode(W3CHttpResponseCodec.java:49)
	at org.openqa.selenium.remote.HttpCommandExecutor.execute(HttpCommandExecutor.java:158)
	at io.appium.java_client.remote.AppiumCommandExecutor.execute(AppiumCommandExecutor.java:239)
	at org.openqa.selenium.remote.RemoteWebDriver.execute(RemoteWebDriver.java:552)
	at io.appium.java_client.DefaultGenericMobileDriver.execute(DefaultGenericMobileDriver.java:41)
	at io.appium.java_client.AppiumDriver.execute(AppiumDriver.java:1)
	at io.appium.java_client.android.AndroidDriver.execute(AndroidDriver.java:1)
	at org.openqa.selenium.remote.RemoteWebDriver.findElement(RemoteWebDriver.java:323)
	at io.appium.java_client.DefaultGenericMobileDriver.findElement(DefaultGenericMobileDriver.java:61)
	at io.appium.java_client.AppiumDriver.findElement(AppiumDriver.java:1)
	at io.appium.java_client.android.AndroidDriver.findElement(AndroidDriver.java:1)
	at io.appium.java_client.FindsByAccessibilityId.findElementByAccessibilityId(FindsByAccessibilityId.java:37)
	at playingVideo.YoutubeWatchAndCloseVideo.letsee(YoutubeWatchAndCloseVideo.java:72)
	at sun.reflect.NativeMethodAccessorImpl.invoke0(Native Method)
	at sun.reflect.NativeMethodAccessorImpl.invoke(NativeMethodAccessorImpl.java:62)
	at sun.reflect.DelegatingMethodAccessorImpl.invoke(DelegatingMethodAccessorImpl.java:43)
	at java.lang.reflect.Method.invoke(Method.java:498)
	at org.testng.internal.MethodInvocationHelper.invokeMethod(MethodInvocationHelper.java:80)
	at org.testng.internal.Invoker.invokeMethod(Invoker.java:714)
	at org.testng.internal.Invoker.invokeTestMethod(Invoker.java:901)
	at org.testng.internal.Invoker.invokeTestMethods(Invoker.java:1231)
	at org.testng.internal.TestMethodWorker.invokeTestMethods(TestMethodWorker.java:127)
	at org.testng.internal.TestMethodWorker.run(TestMethodWorker.java:111)
	at org.testng.TestRunner.privateRun(TestRunner.java:767)
	at org.testng.TestRunner.run(TestRunner.java:617)
	at org.testng.SuiteRunner.runTest(SuiteRunner.java:334)
	at org.testng.SuiteRunner.runSequentially(SuiteRunner.java:329)
	at org.testng.SuiteRunner.privateRun(SuiteRunner.java:291)
	at org.testng.SuiteRunner.run(SuiteRunner.java:240)
	at org.testng.SuiteRunnerWorker.runSuite(SuiteRunnerWorker.java:52)
	at org.testng.SuiteRunnerWorker.run(SuiteRunnerWorker.java:86)
	at org.testng.TestNG.runSuitesSequentially(TestNG.java:1198)
	at org.testng.TestNG.runSuitesLocally(TestNG.java:1123)
	at org.testng.TestNG.run(TestNG.java:1031)
	at org.apache.maven.surefire.testng.TestNGExecutor.run(TestNGExecutor.java:295)
	at org.apache.maven.surefire.testng.TestNGXmlTestSuite.execute(TestNGXmlTestSuite.java:84)
	at org.apache.maven.surefire.testng.TestNGProvider.invoke(TestNGProvider.java:90)
	at org.apache.maven.surefire.booter.ForkedBooter.invokeProviderInSameClassLoader(ForkedBooter.java:203)
	at org.apache.maven.surefire.booter.ForkedBooter.runSuitesInProcess(ForkedBooter.java:155)
	at org.apache.maven.surefire.booter.ForkedBooter.main(ForkedBooter.java:103)
]]>
            </full-stacktrace>
          </exception> <!-- org.openqa.selenium.NoSuchElementException -->
          <reporter-output>
          </reporter-output>
        </test-method> <!-- letsee -->
        <test-method status="PASS" signature="afterTest1()[pri:0, instance:playingVideo.YoutubeWatchAndCloseVideo@2c9f9fb0]" name="afterTest1" is-config="true" duration-ms="0" started-at="2020-09-07T19:27:16Z" finished-at="2020-09-07T19:27:16Z">
          <reporter-output>
          </reporter-output>
        </test-method> <!-- afterTest1 -->
      </class> <!-- playingVideo.YoutubeWatchAndCloseVideo -->
      <class name="playingVideo.StartAndStopServer">
        <test-method status="PASS" signature="startServer()[pri:0, instance:playingVideo.StartAndStopServer@2cb4c3ab]" name="startServer" is-config="true" duration-ms="10040" started-at="2020-09-07T19:26:22Z" finished-at="2020-09-07T19:26:32Z">
          <reporter-output>
          </reporter-output>
        </test-method> <!-- startServer -->
        <test-method status="PASS" signature="stopServer()[pri:0, instance:playingVideo.StartAndStopServer@2cb4c3ab]" name="stopServer" is-config="true" duration-ms="7" started-at="2020-09-07T19:27:16Z" finished-at="2020-09-07T19:27:16Z">
          <reporter-output>
          </reporter-output>
        </test-method> <!-- stopServer -->
      </class> <!-- playingVideo.StartAndStopServer -->
    </test> <!-- smoke Test cases -->
  </suite> <!-- Smoke Testing -->
</testng-results>
